<?xml version="1.0" encoding="UTF-8"?>
<testng-results skipped="0" failed="0" ignored="0" total="4" passed="4">
  <reporter-output>
  </reporter-output>
  <suite name="Default suite" duration-ms="35965" started-at="2019-06-23T14:48:43Z" finished-at="2019-06-23T14:49:19Z">
    <groups>
    </groups>
    <test name="Default test" duration-ms="35965" started-at="2019-06-23T14:48:43Z" finished-at="2019-06-23T14:49:19Z">
      <class name="com.training.sanity.tests.AdminLoginTests">
        <test-method status="PASS" signature="setUpBeforeClass()[pri:0, instance:com.training.sanity.tests.AdminLoginTests@2b98378d]" name="setUpBeforeClass" is-config="true" duration-ms="13940" started-at="2019-06-23T20:18:43Z" finished-at="2019-06-23T20:18:57Z">
          <reporter-output>
          </reporter-output>
        </test-method> <!-- setUpBeforeClass -->
        <test-method status="PASS" signature="validLoginTest()[pri:0, instance:com.training.sanity.tests.AdminLoginTests@2b98378d]" name="validLoginTest" duration-ms="5974" started-at="2019-06-23T20:18:57Z" finished-at="2019-06-23T20:19:03Z">
          <reporter-output>
          </reporter-output>
        </test-method> <!-- validLoginTest -->
        <test-method status="PASS" signature="CatalogTest()[pri:0, instance:com.training.sanity.tests.AdminLoginTests@2b98378d]" name="CatalogTest" duration-ms="1413" started-at="2019-06-23T20:19:03Z" depends-on-methods="com.training.sanity.tests.AdminLoginTests.validLoginTest" finished-at="2019-06-23T20:19:05Z">
          <reporter-output>
          </reporter-output>
        </test-method> <!-- CatalogTest -->
        <test-method status="PASS" signature="OrdersTest()[pri:0, instance:com.training.sanity.tests.AdminLoginTests@2b98378d]" name="OrdersTest" duration-ms="6325" started-at="2019-06-23T20:19:05Z" depends-on-methods="com.training.sanity.tests.AdminLoginTests.CatalogTest" finished-at="2019-06-23T20:19:11Z">
          <reporter-output>
          </reporter-output>
        </test-method> <!-- OrdersTest -->
        <test-method status="PASS" signature="TaxTest()[pri:0, instance:com.training.sanity.tests.AdminLoginTests@2b98378d]" name="TaxTest" duration-ms="6567" started-at="2019-06-23T20:19:11Z" depends-on-methods="com.training.sanity.tests.AdminLoginTests.OrdersTest" finished-at="2019-06-23T20:19:17Z">
          <reporter-output>
          </reporter-output>
        </test-method> <!-- TaxTest -->
        <test-method status="PASS" signature="tearDown()[pri:0, instance:com.training.sanity.tests.AdminLoginTests@2b98378d]" name="tearDown" is-config="true" duration-ms="1700" started-at="2019-06-23T20:19:17Z" finished-at="2019-06-23T20:19:19Z">
          <reporter-output>
          </reporter-output>
        </test-method> <!-- tearDown -->
      </class> <!-- com.training.sanity.tests.AdminLoginTests -->
    </test> <!-- Default test -->
  </suite> <!-- Default suite -->
</testng-results>
