<?xml version="1.0" encoding="UTF-8"?>
<!-- Generated by org.testng.reporters.JUnitXMLReporter -->
<testsuite hostname="DESKTOP-H5H9KEN" ignored="0" name="Default test" tests="4" failures="0" timestamp="09 Jul 2019 16:33:04 GMT" time="65.042" errors="0">
  <testcase name="RTTC_072_Test" time="8.085" classname="com.training.sanity.tests.Complex_RTTC_072_Tests"/>
  <testcase name="RTTC_072_Test" time="7.899" classname="com.training.sanity.tests.Complex_RTTC_072_Tests"/>
  <testcase name="RTTC_072_Test" time="8.807" classname="com.training.sanity.tests.Complex_RTTC_072_Tests"/>
  <testcase name="RTTC_072_Test" time="8.593" classname="com.training.sanity.tests.Complex_RTTC_072_Tests"/>
</testsuite> <!-- Default test -->
