<?xml version="1.0" encoding="UTF-8"?>
<!-- Generated by org.testng.reporters.JUnitXMLReporter -->
<testsuite hostname="DESKTOP-H5H9KEN" ignored="0" name="Default test" tests="4" failures="0" timestamp="23 Jun 2019 14:49:19 GMT" time="35.965" errors="0">
  <testcase name="validLoginTest" time="5.974" classname="com.training.sanity.tests.AdminLoginTests"/>
  <testcase name="CatalogTest" time="1.413" classname="com.training.sanity.tests.AdminLoginTests"/>
  <testcase name="OrdersTest" time="6.325" classname="com.training.sanity.tests.AdminLoginTests"/>
  <testcase name="TaxTest" time="6.567" classname="com.training.sanity.tests.AdminLoginTests"/>
</testsuite> <!-- Default test -->
