<?xml version="1.0" encoding="UTF-8"?>
<!-- Generated by org.testng.reporters.JUnitXMLReporter -->
<testsuite hostname="DESKTOP-H5H9KEN" ignored="0" name="Sample test" tests="3" failures="0" timestamp="09 Jul 2019 16:22:36 GMT" time="72.69" errors="0">
  <testcase name="RTTC_010_Test" time="41.321" classname="com.training.sanity.tests.Simple_RTTC_010_Tests"/>
  <testcase name="RTTC_011_Test" time="2.067" classname="com.training.sanity.tests.Simple_RTTC_011_Tests"/>
  <testcase name="RTTC_012_Test" time="2.536" classname="com.training.sanity.tests.Simple_RTTC_012_Tests"/>
</testsuite> <!-- Sample test -->
